CRITICAL - 2024-02-16 04:08:13 --> CodeIgniter\Exceptions\FrameworkException: The framework needs the following extension(s) installed and loaded: intl.
in SYSTEMPATH\CodeIgniter.php on line 252.
 1 SYSTEMPATH\CodeIgniter.php(252): CodeIgniter\Exceptions\FrameworkException::forMissingExtension('intl')
 2 SYSTEMPATH\CodeIgniter.php(214): CodeIgniter\CodeIgniter->resolvePlatformExtensions()
 3 ROOTPATH\spark(88): CodeIgniter\CodeIgniter->initialize()
CRITICAL - 2024-02-16 04:08:13 --> ErrorException: Uncaught Error: Class "Locale" not found in C:\xampp\htdocs\CI-4.4.5\system\I18n\TimeTrait.php:74
Stack trace:
#0 C:\xampp\htdocs\CI-4.4.5\system\I18n\TimeTrait.php(115): CodeIgniter\I18n\Time->__construct(NULL, NULL, NULL)
#1 C:\xampp\htdocs\CI-4.4.5\system\HTTP\ResponseTrait.php(468): CodeIgniter\I18n\Time::now()
#2 C:\xampp\htdocs\CI-4.4.5\system\HTTP\ResponseTrait.php(446): CodeIgniter\HTTP\Response->sendHeaders()
#3 C:\xampp\htdocs\CI-4.4.5\system\Debug\ExceptionHandler.php(81): CodeIgniter\HTTP\Response->send()
#4 C:\xampp\htdocs\CI-4.4.5\system\Debug\Exceptions.php(156): CodeIgniter\Debug\ExceptionHandler->handle(Object(CodeIgniter\Exceptions\FrameworkException), Object(CodeIgniter\HTTP\IncomingRequest), Object(CodeIgniter\HTTP\Response), 500, 1)
#5 [internal function]: CodeIgniter\Debug\Exceptions->exceptionHandler(Object(CodeIgniter\Exceptions\FrameworkException))
#6 {main}
  thrown
ã€Previous Exceptionã€‘
CodeIgniter\Exceptions\FrameworkException
The framework needs the following extension(s) installed and loaded: intl.
#0 C:\xampp\htdocs\CI-4.4.5\system\CodeIgniter.php(252): CodeIgniter\Exceptions\FrameworkException::forMissingExtension('intl')
#1 C:\xampp\htdocs\CI-4.4.5\system\CodeIgniter.php(214): CodeIgniter\CodeIgniter->resolvePlatformExtensions()
#2 C:\xampp\htdocs\CI-4.4.5\spark(88): CodeIgniter\CodeIgniter->initialize()
#3 {main}
in SYSTEMPATH\I18n\TimeTrait.php on line 74.
 1 [internal function]: CodeIgniter\Debug\Exceptions->shutdownHandler()
CRITICAL - 2024-02-16 04:09:34 --> CodeIgniter\Exceptions\FrameworkException: The framework needs the following extension(s) installed and loaded: intl.
in SYSTEMPATH\CodeIgniter.php on line 252.
 1 SYSTEMPATH\CodeIgniter.php(252): CodeIgniter\Exceptions\FrameworkException::forMissingExtension('intl')
 2 SYSTEMPATH\CodeIgniter.php(214): CodeIgniter\CodeIgniter->resolvePlatformExtensions()
 3 ROOTPATH\spark(88): CodeIgniter\CodeIgniter->initialize()
CRITICAL - 2024-02-16 04:09:34 --> ErrorException: Uncaught Error: Class "Locale" not found in C:\xampp\htdocs\CI-4.4.5\system\I18n\TimeTrait.php:74
Stack trace:
#0 C:\xampp\htdocs\CI-4.4.5\system\I18n\TimeTrait.php(115): CodeIgniter\I18n\Time->__construct(NULL, NULL, NULL)
#1 C:\xampp\htdocs\CI-4.4.5\system\HTTP\ResponseTrait.php(468): CodeIgniter\I18n\Time::now()
#2 C:\xampp\htdocs\CI-4.4.5\system\HTTP\ResponseTrait.php(446): CodeIgniter\HTTP\Response->sendHeaders()
#3 C:\xampp\htdocs\CI-4.4.5\system\Debug\ExceptionHandler.php(81): CodeIgniter\HTTP\Response->send()
#4 C:\xampp\htdocs\CI-4.4.5\system\Debug\Exceptions.php(156): CodeIgniter\Debug\ExceptionHandler->handle(Object(CodeIgniter\Exceptions\FrameworkException), Object(CodeIgniter\HTTP\IncomingRequest), Object(CodeIgniter\HTTP\Response), 500, 1)
#5 [internal function]: CodeIgniter\Debug\Exceptions->exceptionHandler(Object(CodeIgniter\Exceptions\FrameworkException))
#6 {main}
  thrown
ã€Previous Exceptionã€‘
CodeIgniter\Exceptions\FrameworkException
The framework needs the following extension(s) installed and loaded: intl.
#0 C:\xampp\htdocs\CI-4.4.5\system\CodeIgniter.php(252): CodeIgniter\Exceptions\FrameworkException::forMissingExtension('intl')
#1 C:\xampp\htdocs\CI-4.4.5\system\CodeIgniter.php(214): CodeIgniter\CodeIgniter->resolvePlatformExtensions()
#2 C:\xampp\htdocs\CI-4.4.5\spark(88): CodeIgniter\CodeIgniter->initialize()
#3 {main}
in SYSTEMPATH\I18n\TimeTrait.php on line 74.
 1 [internal function]: CodeIgniter\Debug\Exceptions->shutdownHandler()
CRITICAL - 2024-02-16 09:09:18 --> ReflectionException: Class "App\Controllers\User" does not exist
in SYSTEMPATH\Commands\Utilities\Routes\ControllerMethodReader.php on line 44.
 1 SYSTEMPATH\Commands\Utilities\Routes\ControllerMethodReader.php(44): ReflectionClass->__construct('App\\Controllers\\User')
 2 SYSTEMPATH\Commands\Utilities\Routes\AutoRouteCollector.php(50): CodeIgniter\Commands\Utilities\Routes\ControllerMethodReader->read('App\\Controllers\\User', 'Home', 'index')
 3 SYSTEMPATH\Commands\Utilities\Routes.php(172): CodeIgniter\Commands\Utilities\Routes\AutoRouteCollector->get()
 4 SYSTEMPATH\CLI\Commands.php(65): CodeIgniter\Commands\Utilities\Routes->run([])
 5 SYSTEMPATH\CLI\Console.php(46): CodeIgniter\CLI\Commands->run('routes', [])
 6 ROOTPATH\spark(102): CodeIgniter\CLI\Console->run()
CRITICAL - 2024-02-16 09:09:35 --> ReflectionException: Class "App\Controllers\User" does not exist
in SYSTEMPATH\Commands\Utilities\Routes\ControllerMethodReader.php on line 44.
 1 SYSTEMPATH\Commands\Utilities\Routes\ControllerMethodReader.php(44): ReflectionClass->__construct('App\\Controllers\\User')
 2 SYSTEMPATH\Commands\Utilities\Routes\AutoRouteCollector.php(50): CodeIgniter\Commands\Utilities\Routes\ControllerMethodReader->read('App\\Controllers\\User', 'Home', 'index')
 3 SYSTEMPATH\Commands\Utilities\Routes.php(172): CodeIgniter\Commands\Utilities\Routes\AutoRouteCollector->get()
 4 SYSTEMPATH\CLI\Commands.php(65): CodeIgniter\Commands\Utilities\Routes->run([])
 5 SYSTEMPATH\CLI\Console.php(46): CodeIgniter\CLI\Commands->run('routes', [])
 6 ROOTPATH\spark(102): CodeIgniter\CLI\Console->run()
CRITICAL - 2024-02-16 09:10:02 --> ReflectionException: Class "App\Controllers\User" does not exist
in SYSTEMPATH\Commands\Utilities\Routes\ControllerMethodReader.php on line 44.
 1 SYSTEMPATH\Commands\Utilities\Routes\ControllerMethodReader.php(44): ReflectionClass->__construct('App\\Controllers\\User')
 2 SYSTEMPATH\Commands\Utilities\Routes\AutoRouteCollector.php(50): CodeIgniter\Commands\Utilities\Routes\ControllerMethodReader->read('App\\Controllers\\User', 'Home', 'index')
 3 SYSTEMPATH\Commands\Utilities\Routes.php(172): CodeIgniter\Commands\Utilities\Routes\AutoRouteCollector->get()
 4 SYSTEMPATH\CLI\Commands.php(65): CodeIgniter\Commands\Utilities\Routes->run([])
 5 SYSTEMPATH\CLI\Console.php(46): CodeIgniter\CLI\Commands->run('routes', [])
 6 ROOTPATH\spark(102): CodeIgniter\CLI\Console->run()
