ERROR - 2024-03-13 03:06:58 --> mysqli_sql_exception: Column 'chuserid' cannot be null in C:\xampp\htdocs\CI-4.4.5\system\Database\MySQLi\Connection.php:306
Stack trace:
#0 C:\xampp\htdocs\CI-4.4.5\system\Database\MySQLi\Connection.php(306): mysqli->query('INSERT INTO `tr...', 0)
#1 C:\xampp\htdocs\CI-4.4.5\system\Database\BaseConnection.php(693): CodeIgniter\Database\MySQLi\Connection->execute('INSERT INTO `tr...')
#2 C:\xampp\htdocs\CI-4.4.5\system\Database\BaseConnection.php(607): CodeIgniter\Database\BaseConnection->simpleQuery('INSERT INTO `tr...')
#3 C:\xampp\htdocs\CI-4.4.5\system\Database\BaseBuilder.php(2307): CodeIgniter\Database\BaseConnection->query('INSERT INTO `tr...', Array, false)
#4 C:\xampp\htdocs\CI-4.4.5\system\Model.php(326): CodeIgniter\Database\BaseBuilder->insert()
#5 C:\xampp\htdocs\CI-4.4.5\system\BaseModel.php(802): CodeIgniter\Model->doInsert(Array)
#6 C:\xampp\htdocs\CI-4.4.5\system\Model.php(744): CodeIgniter\BaseModel->insert(Array, true)
#7 C:\xampp\htdocs\CI-4.4.5\app\Controllers\TransaksiController.php(348): CodeIgniter\Model->insert(Array)
#8 C:\xampp\htdocs\CI-4.4.5\system\CodeIgniter.php(941): App\Controllers\TransaksiController->create_redeem_adm()
#9 C:\xampp\htdocs\CI-4.4.5\system\CodeIgniter.php(502): CodeIgniter\CodeIgniter->runController(Object(App\Controllers\TransaksiController))
#10 C:\xampp\htdocs\CI-4.4.5\system\CodeIgniter.php(361): CodeIgniter\CodeIgniter->handleRequest(NULL, Object(Config\Cache), false)
#11 C:\xampp\htdocs\CI-4.4.5\public\index.php(79): CodeIgniter\CodeIgniter->run()
#12 C:\xampp\htdocs\CI-4.4.5\system\Commands\Server\rewrite.php(47): require_once('C:\\xampp\\htdocs...')
#13 {main}
CRITICAL - 2024-03-13 03:06:58 --> CodeIgniter\Database\Exceptions\DatabaseException: Column 'chuserid' cannot be null
in SYSTEMPATH\Database\BaseConnection.php on line 647.
 1 SYSTEMPATH\Database\BaseBuilder.php(2307): CodeIgniter\Database\BaseConnection->query('INSERT INTO `trredeem` (`membercode`, `userid`, `redeemamt`, `redeemdate`, `approveddate`, `userapproved`, `inuserid`, `chuserid`, `indate`, `chdate`) VALUES (:membercode:, :userid:, :redeemamt:, :redeemdate:, :approveddate:, :userapproved:, :inuserid:, :chuserid:, :indate:, :chdate:)', [...], false)
 2 SYSTEMPATH\Model.php(326): CodeIgniter\Database\BaseBuilder->insert()
 3 SYSTEMPATH\BaseModel.php(802): CodeIgniter\Model->doInsert([...])
 4 SYSTEMPATH\Model.php(744): CodeIgniter\BaseModel->insert([...], true)
 5 APPPATH\Controllers\TransaksiController.php(348): CodeIgniter\Model->insert([...])
 6 SYSTEMPATH\CodeIgniter.php(941): App\Controllers\TransaksiController->create_redeem_adm()
 7 SYSTEMPATH\CodeIgniter.php(502): CodeIgniter\CodeIgniter->runController(Object(App\Controllers\TransaksiController))
 8 SYSTEMPATH\CodeIgniter.php(361): CodeIgniter\CodeIgniter->handleRequest(null, Object(Config\Cache), false)
 9 FCPATH\index.php(79): CodeIgniter\CodeIgniter->run()
10 SYSTEMPATH\Commands\Server\rewrite.php(47): require_once('C:\\xampp\\htdocs\\CI-4.4.5\\public\\index.php')
CRITICAL - 2024-03-13 03:06:58 --> [Caused by] CodeIgniter\Database\Exceptions\DatabaseException: Column 'chuserid' cannot be null
in SYSTEMPATH\Database\MySQLi\Connection.php on line 311.
 1 SYSTEMPATH\Database\BaseConnection.php(693): CodeIgniter\Database\MySQLi\Connection->execute('INSERT INTO `trredeem` (`membercode`, `userid`, `redeemamt`, `redeemdate`, `approveddate`, `userapproved`, `inuserid`, `chuserid`, `indate`, `chdate`) VALUES (\'MBD26755c69d7\', \'member3\', \'5\', \'2024-03-13\', \'2024-03-13 03:06:58am\', \'tester\', \'tester\', NULL, \'2024-03-13 03:06:58am\', NULL)')
 2 SYSTEMPATH\Database\BaseConnection.php(607): CodeIgniter\Database\BaseConnection->simpleQuery('INSERT INTO `trredeem` (`membercode`, `userid`, `redeemamt`, `redeemdate`, `approveddate`, `userapproved`, `inuserid`, `chuserid`, `indate`, `chdate`) VALUES (\'MBD26755c69d7\', \'member3\', \'5\', \'2024-03-13\', \'2024-03-13 03:06:58am\', \'tester\', \'tester\', NULL, \'2024-03-13 03:06:58am\', NULL)')
 3 SYSTEMPATH\Database\BaseBuilder.php(2307): CodeIgniter\Database\BaseConnection->query('INSERT INTO `trredeem` (`membercode`, `userid`, `redeemamt`, `redeemdate`, `approveddate`, `userapproved`, `inuserid`, `chuserid`, `indate`, `chdate`) VALUES (:membercode:, :userid:, :redeemamt:, :redeemdate:, :approveddate:, :userapproved:, :inuserid:, :chuserid:, :indate:, :chdate:)', [...], false)
 4 SYSTEMPATH\Model.php(326): CodeIgniter\Database\BaseBuilder->insert()
 5 SYSTEMPATH\BaseModel.php(802): CodeIgniter\Model->doInsert([...])
 6 SYSTEMPATH\Model.php(744): CodeIgniter\BaseModel->insert([...], true)
 7 APPPATH\Controllers\TransaksiController.php(348): CodeIgniter\Model->insert([...])
 8 SYSTEMPATH\CodeIgniter.php(941): App\Controllers\TransaksiController->create_redeem_adm()
 9 SYSTEMPATH\CodeIgniter.php(502): CodeIgniter\CodeIgniter->runController(Object(App\Controllers\TransaksiController))
10 SYSTEMPATH\CodeIgniter.php(361): CodeIgniter\CodeIgniter->handleRequest(null, Object(Config\Cache), false)
11 FCPATH\index.php(79): CodeIgniter\CodeIgniter->run()
12 SYSTEMPATH\Commands\Server\rewrite.php(47): require_once('C:\\xampp\\htdocs\\CI-4.4.5\\public\\index.php')
CRITICAL - 2024-03-13 03:06:58 --> [Caused by] mysqli_sql_exception: Column 'chuserid' cannot be null
in SYSTEMPATH\Database\MySQLi\Connection.php on line 306.
 1 SYSTEMPATH\Database\MySQLi\Connection.php(306): mysqli->query('INSERT INTO `trredeem` (`membercode`, `userid`, `redeemamt`, `redeemdate`, `approveddate`, `userapproved`, `inuserid`, `chuserid`, `indate`, `chdate`) VALUES (\'MBD26755c69d7\', \'member3\', \'5\', \'2024-03-13\', \'2024-03-13 03:06:58am\', \'tester\', \'tester\', NULL, \'2024-03-13 03:06:58am\', NULL)', 0)
 2 SYSTEMPATH\Database\BaseConnection.php(693): CodeIgniter\Database\MySQLi\Connection->execute('INSERT INTO `trredeem` (`membercode`, `userid`, `redeemamt`, `redeemdate`, `approveddate`, `userapproved`, `inuserid`, `chuserid`, `indate`, `chdate`) VALUES (\'MBD26755c69d7\', \'member3\', \'5\', \'2024-03-13\', \'2024-03-13 03:06:58am\', \'tester\', \'tester\', NULL, \'2024-03-13 03:06:58am\', NULL)')
 3 SYSTEMPATH\Database\BaseConnection.php(607): CodeIgniter\Database\BaseConnection->simpleQuery('INSERT INTO `trredeem` (`membercode`, `userid`, `redeemamt`, `redeemdate`, `approveddate`, `userapproved`, `inuserid`, `chuserid`, `indate`, `chdate`) VALUES (\'MBD26755c69d7\', \'member3\', \'5\', \'2024-03-13\', \'2024-03-13 03:06:58am\', \'tester\', \'tester\', NULL, \'2024-03-13 03:06:58am\', NULL)')
 4 SYSTEMPATH\Database\BaseBuilder.php(2307): CodeIgniter\Database\BaseConnection->query('INSERT INTO `trredeem` (`membercode`, `userid`, `redeemamt`, `redeemdate`, `approveddate`, `userapproved`, `inuserid`, `chuserid`, `indate`, `chdate`) VALUES (:membercode:, :userid:, :redeemamt:, :redeemdate:, :approveddate:, :userapproved:, :inuserid:, :chuserid:, :indate:, :chdate:)', [...], false)
 5 SYSTEMPATH\Model.php(326): CodeIgniter\Database\BaseBuilder->insert()
 6 SYSTEMPATH\BaseModel.php(802): CodeIgniter\Model->doInsert([...])
 7 SYSTEMPATH\Model.php(744): CodeIgniter\BaseModel->insert([...], true)
 8 APPPATH\Controllers\TransaksiController.php(348): CodeIgniter\Model->insert([...])
 9 SYSTEMPATH\CodeIgniter.php(941): App\Controllers\TransaksiController->create_redeem_adm()
10 SYSTEMPATH\CodeIgniter.php(502): CodeIgniter\CodeIgniter->runController(Object(App\Controllers\TransaksiController))
11 SYSTEMPATH\CodeIgniter.php(361): CodeIgniter\CodeIgniter->handleRequest(null, Object(Config\Cache), false)
12 FCPATH\index.php(79): CodeIgniter\CodeIgniter->run()
13 SYSTEMPATH\Commands\Server\rewrite.php(47): require_once('C:\\xampp\\htdocs\\CI-4.4.5\\public\\index.php')
